<?xml version="1.0" encoding="UTF-8"?>
<!-- Generated by org.testng.reporters.JUnitXMLReporter -->
<testsuite ignored="0" hostname="MSI" failures="1" tests="1" name="Default test" time="9.545" errors="0" timestamp="2022-06-03T11:26:01 EDT">
  <testcase classname="io.cucumber.testng.AbstractTestNGCucumberTests" name="runScenario" time="8.373">
    <failure type="java.lang.AssertionError" message="Not Equal expected [Beetroot] but found [No data]">
      <![CDATA[java.lang.AssertionError: Not Equal expected [Beetroot] but found [No data]
at org.testng.Assert.fail(Assert.java:110)
at org.testng.Assert.failNotEquals(Assert.java:1413)
at org.testng.Assert.assertEqualsImpl(Assert.java:149)
at org.testng.Assert.assertEquals(Assert.java:131)
at org.testng.Assert.assertEquals(Assert.java:655)
at stepDefinations.OfferPageStepDefination.validate_product_name_in_offer_page_matches_with_landing_page(OfferPageStepDefination.java:31)
at ✽.validate product name in offer page matches with Landing page(file:///C:/Users/rupu1/eclipse-workspace/CucumberFramwork/src/test/java/features/searchProduct.feature:7)
]]>
    </failure>
  </testcase> <!-- runScenario -->
</testsuite> <!-- Default test -->
